DiagnosticsPlugin.exe Information: 0 : [10/01/2017 7:31:18 p.m.] Starting DiagnosticPlugin.exe DiagnosticPlugin-ShutdownEvent DiagnosticPlugin-TotalShutdownEvent -wadVer1v5
DiagnosticsPlugin.exe Information: 0 : [10/01/2017 7:31:19 p.m.] Successfully saved IIS Directory state
DiagnosticsPlugin.exe Information: 0 : [10/01/2017 7:31:19 p.m.] Starting DiagnosticsPlugin
DiagnosticsPlugin.exe Information: 0 : [10/01/2017 7:31:19 p.m.] Emulator config file set to D:\Repos\ChainOfResponsability\RouteAnalysis\RouteAnalysis.Cloud\csx\Debug\roles\RouteAnalysis.Worker\approot\diagnostics.wadcfgx
DiagnosticsPlugin.exe Information: 0 : [10/01/2017 7:31:19 p.m.] DiagnosticsStoreRootPath set to: C:\Users\andreslon\AppData\Local\dftmp\Resources\ffd5dee8-2916-47fb-aec5-fa6fe91da6a2
DiagnosticsPlugin.exe Information: 0 : [10/01/2017 7:31:19 p.m.] Loading config file: D:\Repos\ChainOfResponsability\RouteAnalysis\RouteAnalysis.Cloud\csx\Debug\roles\RouteAnalysis.Worker\approot\diagnostics.wadcfgx
DiagnosticsPlugin.exe Information: 0 : [10/01/2017 7:31:19 p.m.] Config file to read: D:\Repos\ChainOfResponsability\RouteAnalysis\RouteAnalysis.Cloud\csx\Debug\roles\RouteAnalysis.Worker\approot\diagnostics.wadcfgx
DiagnosticsPlugin.exe Information: 0 : [10/01/2017 7:31:19 p.m.] Checking VM Type
DiagnosticsPlugin.exe Information: 0 : [10/01/2017 7:31:19 p.m.] Emulator config file set to D:\Repos\ChainOfResponsability\RouteAnalysis\RouteAnalysis.Cloud\csx\Debug\roles\RouteAnalysis.Worker\approot\diagnostics.wadcfgx
DiagnosticsPlugin.exe Information: 0 : [10/01/2017 7:31:19 p.m.] Extension set to Emulator Mode
DiagnosticsPlugin.exe Information: 0 : [10/01/2017 7:31:19 p.m.] Reading XML configuration file
DiagnosticsPlugin.exe Information: 0 : [10/01/2017 7:31:19 p.m.] Bypassing private config decryption
DiagnosticsPlugin.exe Information: 0 : [10/01/2017 7:31:19 p.m.] WadCfg is provided in initial configuration. Using that to initialize Diagnostics.
DiagnosticsPlugin.exe Information: 0 : [10/01/2017 7:31:19 p.m.] <PublicConfig xmlns="http://schemas.microsoft.com/ServiceHosting/2010/10/DiagnosticsConfiguration">
  <WadCfg>
    <DiagnosticMonitorConfiguration overallQuotaInMB="4096">
      <DiagnosticInfrastructureLogs scheduledTransferLogLevelFilter="Error" />
      <Logs scheduledTransferPeriod="PT1M" scheduledTransferLogLevelFilter="Error" />
      <Directories scheduledTransferPeriod="PT1M">
        <IISLogs containerName="wad-iis-logfiles" />
        <FailedRequestLogs containerName="wad-failedrequestlogs" />
      </Directories>
      <WindowsEventLog scheduledTransferPeriod="PT1M">
        <DataSource name="Application!*[System[(Level=1 or Level=2 or Level=3)]]" />
        <DataSource name="Windows Azure!*[System[(Level=1 or Level=2 or Level=3 or Level=4)]]" />
      </WindowsEventLog>
      <CrashDumps containerName="wad-crashdumps" dumpType="Mini">
        <CrashDumpConfiguration processName="WaIISHost.exe" />
        <CrashDumpConfiguration processName="WaWorkerHost.exe" />
        <CrashDumpConfiguration processName="w3wp.exe" />
      </CrashDumps>
      <PerformanceCounters scheduledTransferPeriod="PT1M">
        <PerformanceCounterConfiguration counterSpecifier="\Memory\Available MBytes" sampleRate="PT3M" />
        <PerformanceCounterConfiguration counterSpecifier="\Web Service(_Total)\ISAPI Extension Requests/sec" sampleRate="PT3M" />
        <PerformanceCounterConfiguration counterSpecifier="\Web Service(_Total)\Bytes Total/Sec" sampleRate="PT3M" />
        <PerformanceCounterConfiguration counterSpecifier="\ASP.NET Applications(__Total__)\Requests/Sec" sampleRate="PT3M" />
        <PerformanceCounterConfiguration counterSpecifier="\ASP.NET Applications(__Total__)\Errors Total/Sec" sampleRate="PT3M" />
        <PerformanceCounterConfiguration counterSpecifier="\ASP.NET\Requests Queued" sampleRate="PT3M" />
        <PerformanceCounterConfiguration counterSpecifier="\ASP.NET\Requests Rejected" sampleRate="PT3M" />
        <PerformanceCounterConfiguration counterSpecifier="\Processor(_Total)\% Processor Time" sampleRate="PT3M" />
      </PerformanceCounters>
    </DiagnosticMonitorConfiguration>
  </WadCfg>
  <StorageAccount>devstoreaccount1</StorageAccount>
</PublicConfig>
DiagnosticsPlugin.exe Information: 0 : [10/01/2017 7:31:19 p.m.] Private setting is loaded
DiagnosticsPlugin.exe Information: 0 : [10/01/2017 7:31:19 p.m.] Is config json/xml loaded
DiagnosticsPlugin.exe Information: 0 : [10/01/2017 7:31:19 p.m.] Checking if configuration needs to be fetched from the storage account and doing so if needed.
DiagnosticsPlugin.exe Information: 0 : [10/01/2017 7:31:21 p.m.] Checkpoint file is presentC:\Users\andreslon\AppData\Local\dftmp\Resources\ffd5dee8-2916-47fb-aec5-fa6fe91da6a2\WAD0105\Configuration\Checkpoint.txt
DiagnosticsPlugin.exe Information: 0 : [10/01/2017 7:31:21 p.m.] Will use local resource directory C:\Users\andreslon\AppData\Local\dftmp\Resources\ffd5dee8-2916-47fb-aec5-fa6fe91da6a2\WAD0105
DiagnosticsPlugin.exe Information: 0 : [10/01/2017 7:31:21 p.m.] Will use endpoint https://core.windows.net for storage.
DiagnosticsPlugin.exe Information: 0 : [10/01/2017 7:31:24 p.m.] Expanding path %SystemDrive%\inetpub\logs\LogFiles to C:\inetpub\logs\LogFiles
DiagnosticsPlugin.exe Information: 0 : [10/01/2017 7:31:24 p.m.] Expanding path %SystemDrive%\inetpub\logs\FailedReqLogFiles to C:\inetpub\logs\FailedReqLogFiles
DiagnosticsPlugin.exe Information: 0 : [10/01/2017 7:31:24 p.m.] Created IIS log watch item: "C:\inetpub\logs\LogFiles"
DiagnosticsPlugin.exe Information: 0 : [10/01/2017 7:31:24 p.m.] Created IIS failed requests watch item: "C:\inetpub\logs\FailedReqLogFiles"
DiagnosticsPlugin.exe Information: 0 : [10/01/2017 7:31:24 p.m.] Running in emulator mode, crash dumps not enabled
DiagnosticsPlugin.exe Information: 0 : [10/01/2017 7:31:24 p.m.] Checking to see if Application Insights extension needs to be configured.
DiagnosticsPlugin.exe Information: 0 : [10/01/2017 7:31:26 p.m.] In emulator mode and using devstore updating XStoreAccount info, command line args: -LocalPath "C:\Users\andreslon\AppData\Local\dftmp\Resources\ffd5dee8-2916-47fb-aec5-fa6fe91da6a2\WAD0105"  -ConfigFile "C:\Users\andreslon\AppData\Local\dftmp\Resources\ffd5dee8-2916-47fb-aec5-fa6fe91da6a2\WAD0105\Configuration\MaConfig.xml" -ShutDownEvent WADDM-ShutDown-2c59c0a9b63c4ccea46ff11475b8fc3a  -TotalShutDownEvent WADDM-TotalShutDown-2c59c0a9b63c4ccea46ff11475b8fc3a -InitializedEvent WADM-StartUp-2c59c0a9b63c4ccea46ff11475b8fc3a -parent 6888 -events -wadVer1v5 -UseProxyServer -XStoreAccounts WadAccount#true#devstoreaccount1#Eby8vdM02xNOcqFlqUwJPLlmEtlCDXJ1OUzFT50uSRZ6IFsuFq2UVErCz4I6tq/K1SZFPTOtr/KBHBeksoGMGw==#http://127.0.0.1:10002#http://127.0.0.1:10001#http://127.0.0.1:10000
DiagnosticsPlugin.exe Error: 0 : [10/01/2017 7:31:56 p.m.] Microsoft.Cis.Monitoring.Query.QueryException: ErrorFail
   at Microsoft.Cis.Monitoring.Query.QueryLocalTable..ctor(String TableName, String TablePath)
   at ApplicationInsightsExtension.MATableReader.ReadTableRecords(String tableName, String tablePath, DateTime startTime, DateTime endTime)
   at Microsoft.Azure.Plugins.Diagnostics.dll.MAStatusWriter.UpdateStatusReport(Object sender, ElapsedEventArgs e)
DiagnosticsPlugin.exe Information: 0 : [10/01/2017 7:32:26 p.m.] MonAgentHost.exe started
DiagnosticsPlugin.exe Information: 0 : [10/01/2017 7:32:26 p.m.] DiagnoticsPlugin started.
DiagnosticsPlugin.exe Information: 0 : [10/01/2017 7:32:26 p.m.] DiagnoticsPlugin now waiting on events "DiagnosticPlugin-ShutdownEvent", "DiagnosticPlugin-TotalShutdownEvent" or "DiagnosticPlugin-RestartEvent".
DiagnosticsPlugin.exe Error: 0 : [10/01/2017 7:32:26 p.m.] Microsoft.Cis.Monitoring.Query.QueryException: ErrorFail
   at Microsoft.Cis.Monitoring.Query.QueryLocalTable..ctor(String TableName, String TablePath)
   at ApplicationInsightsExtension.MATableReader.ReadTableRecords(String tableName, String tablePath, DateTime startTime, DateTime endTime)
   at Microsoft.Azure.Plugins.Diagnostics.dll.MAStatusWriter.UpdateStatusReport(Object sender, ElapsedEventArgs e)
